[debug] [2025-09-14T04:33:06.716Z] ----------------------------------------------------------------------
[debug] [2025-09-14T04:33:06.720Z] Command:       /usr/bin/node /home/user/parsley-membership-platform/node_modules/.bin/firebase deploy --only functions
[debug] [2025-09-14T04:33:06.721Z] CLI Version:   14.16.0
[debug] [2025-09-14T04:33:06.721Z] Platform:      linux
[debug] [2025-09-14T04:33:06.721Z] Node Version:  v20.19.4
[debug] [2025-09-14T04:33:06.722Z] Time:          Sun Sep 14 2025 04:33:06 GMT+0000 (Coordinated Universal Time)
[debug] [2025-09-14T04:33:06.722Z] ----------------------------------------------------------------------
[debug] 
[debug] [2025-09-14T04:33:07.080Z] > command requires scopes: ["email","openid","https://www.googleapis.com/auth/cloudplatformprojects.readonly","https://www.googleapis.com/auth/firebase","https://www.googleapis.com/auth/cloud-platform"]
[debug] [2025-09-14T04:33:07.081Z] > authorizing via signed-in user (frank@sapienceai.co)
[debug] [2025-09-14T04:33:07.081Z] [iam] checking project parsley-membership-platform for permissions ["cloudfunctions.functions.create","cloudfunctions.functions.delete","cloudfunctions.functions.get","cloudfunctions.functions.list","cloudfunctions.functions.update","cloudfunctions.operations.get","firebase.projects.get"]
[debug] [2025-09-14T04:33:07.083Z] Checked if tokens are valid: true, expires at: 1757826885014
[debug] [2025-09-14T04:33:07.083Z] Checked if tokens are valid: true, expires at: 1757826885014
[debug] [2025-09-14T04:33:07.085Z] >>> [apiv2][query] POST https://cloudresourcemanager.googleapis.com/v1/projects/parsley-membership-platform:testIamPermissions [none]
[debug] [2025-09-14T04:33:07.085Z] >>> [apiv2][(partial)header] POST https://cloudresourcemanager.googleapis.com/v1/projects/parsley-membership-platform:testIamPermissions x-goog-quota-user=projects/parsley-membership-platform
[debug] [2025-09-14T04:33:07.085Z] >>> [apiv2][body] POST https://cloudresourcemanager.googleapis.com/v1/projects/parsley-membership-platform:testIamPermissions {"permissions":["cloudfunctions.functions.create","cloudfunctions.functions.delete","cloudfunctions.functions.get","cloudfunctions.functions.list","cloudfunctions.functions.update","cloudfunctions.operations.get","firebase.projects.get"]}
[debug] [2025-09-14T04:33:07.225Z] <<< [apiv2][status] POST https://cloudresourcemanager.googleapis.com/v1/projects/parsley-membership-platform:testIamPermissions 200
[debug] [2025-09-14T04:33:07.225Z] <<< [apiv2][body] POST https://cloudresourcemanager.googleapis.com/v1/projects/parsley-membership-platform:testIamPermissions {"permissions":["cloudfunctions.functions.create","cloudfunctions.functions.delete","cloudfunctions.functions.get","cloudfunctions.functions.list","cloudfunctions.functions.update","cloudfunctions.operations.get","firebase.projects.get"]}
[debug] [2025-09-14T04:33:07.226Z] Checked if tokens are valid: true, expires at: 1757826885014
[debug] [2025-09-14T04:33:07.226Z] Checked if tokens are valid: true, expires at: 1757826885014
[debug] [2025-09-14T04:33:07.226Z] >>> [apiv2][query] POST https://iam.googleapis.com/v1/projects/parsley-membership-platform/serviceAccounts/parsley-membership-platform@appspot.gserviceaccount.com:testIamPermissions [none]
[debug] [2025-09-14T04:33:07.226Z] >>> [apiv2][body] POST https://iam.googleapis.com/v1/projects/parsley-membership-platform/serviceAccounts/parsley-membership-platform@appspot.gserviceaccount.com:testIamPermissions {"permissions":["iam.serviceAccounts.actAs"]}
[debug] [2025-09-14T04:33:07.311Z] <<< [apiv2][status] POST https://iam.googleapis.com/v1/projects/parsley-membership-platform/serviceAccounts/parsley-membership-platform@appspot.gserviceaccount.com:testIamPermissions 200
[debug] [2025-09-14T04:33:07.311Z] <<< [apiv2][body] POST https://iam.googleapis.com/v1/projects/parsley-membership-platform/serviceAccounts/parsley-membership-platform@appspot.gserviceaccount.com:testIamPermissions {"permissions":["iam.serviceAccounts.actAs"]}
[info] 
[info] === Deploying to 'parsley-membership-platform'...
[info] 
[info] i  deploying functions 
[debug] [2025-09-14T04:33:07.316Z] Checked if tokens are valid: true, expires at: 1757826885014
[debug] [2025-09-14T04:33:07.316Z] Checked if tokens are valid: true, expires at: 1757826885014
[debug] [2025-09-14T04:33:07.317Z] >>> [apiv2][query] GET https://cloudresourcemanager.googleapis.com/v1/projects/parsley-membership-platform [none]
[debug] [2025-09-14T04:33:07.366Z] <<< [apiv2][status] GET https://cloudresourcemanager.googleapis.com/v1/projects/parsley-membership-platform 200
[debug] [2025-09-14T04:33:07.366Z] <<< [apiv2][body] GET https://cloudresourcemanager.googleapis.com/v1/projects/parsley-membership-platform {"projectNumber":"943856613574","projectId":"parsley-membership-platform","lifecycleState":"ACTIVE","name":"parsley-membership-platform","labels":{"firebase":"enabled","firebase-core":"disabled"},"createTime":"2025-09-09T17:53:35.884918Z","parent":{"type":"organization","id":"692720908201"}}
[info] i  functions: preparing codebase default for deployment 
[info] i  functions: ensuring required API cloudfunctions.googleapis.com is enabled... 
[info] i  functions: ensuring required API cloudbuild.googleapis.com is enabled... 
[info] i  artifactregistry: ensuring required API artifactregistry.googleapis.com is enabled... 
[debug] [2025-09-14T04:33:07.370Z] Checked if tokens are valid: true, expires at: 1757826885014
[debug] [2025-09-14T04:33:07.370Z] Checked if tokens are valid: true, expires at: 1757826885014
[debug] [2025-09-14T04:33:07.370Z] >>> [apiv2][query] GET https://firebase.googleapis.com/v1beta1/projects/parsley-membership-platform/adminSdkConfig [none]
[debug] [2025-09-14T04:33:07.632Z] <<< [apiv2][status] GET https://firebase.googleapis.com/v1beta1/projects/parsley-membership-platform/adminSdkConfig 200
[debug] [2025-09-14T04:33:07.633Z] <<< [apiv2][body] GET https://firebase.googleapis.com/v1beta1/projects/parsley-membership-platform/adminSdkConfig {"projectId":"parsley-membership-platform","storageBucket":"parsley-membership-platform.firebasestorage.app"}
[debug] [2025-09-14T04:33:07.633Z] Checked if tokens are valid: true, expires at: 1757826885014
[debug] [2025-09-14T04:33:07.633Z] Checked if tokens are valid: true, expires at: 1757826885014
[debug] [2025-09-14T04:33:07.634Z] >>> [apiv2][query] GET https://runtimeconfig.googleapis.com/v1beta1/projects/parsley-membership-platform/configs [none]
[debug] [2025-09-14T04:33:07.719Z] <<< [apiv2][status] GET https://runtimeconfig.googleapis.com/v1beta1/projects/parsley-membership-platform/configs 200
[debug] [2025-09-14T04:33:07.720Z] <<< [apiv2][body] GET https://runtimeconfig.googleapis.com/v1beta1/projects/parsley-membership-platform/configs {}
[debug] [2025-09-14T04:33:07.721Z] Validating nodejs source
[warn] ⚠  functions: Runtime Node.js 18 was deprecated on 2025-04-30 and will be decommissioned on 2025-10-30, after which you will not be able to deploy without upgrading. Consider upgrading now to avoid disruption. See https://cloud.google.com/functions/docs/runtime-support for full details on the lifecycle policy 
[warn] ⚠  functions: package.json indicates an outdated version of firebase-functions. Please upgrade using npm install --save firebase-functions@latest in your functions directory. 
[warn] ⚠  functions: Please note that there will be breaking changes when you upgrade. 
[debug] [2025-09-14T04:33:08.926Z] > [functions] package.json contents: {
  "name": "functions",
  "scripts": {
    "build": "tsc",
    "serve": "npm run build && firebase emulators:start --only functions",
    "shell": "npm run build && firebase functions:shell",
    "start": "npm run shell",
    "deploy": "firebase deploy --only functions",
    "logs": "firebase functions:log"
  },
  "engines": {
    "node": "18"
  },
  "main": "lib/index.js",
  "dependencies": {
    "firebase-admin": "^12.0.0",
    "firebase-functions": "^4.5.0",
    "mammoth": "^1.10.0",
    "pdf-parse": "^1.1.1"
  },
  "devDependencies": {
    "@types/node": "^18.0.0",
    "typescript": "^4.9.0"
  }
}
[debug] [2025-09-14T04:33:08.927Z] Building nodejs source
[info] i  functions: Loading and analyzing source code for codebase default to determine what to deploy 
[info] i  functions: You are using a version of firebase-functions SDK (4.9.0) that does not have support for the newest Firebase Extensions features. Please update firebase-functions SDK to >=5.1.0 to use them correctly 
[debug] [2025-09-14T04:33:08.929Z] Could not find functions.yaml. Must use http discovery
[debug] [2025-09-14T04:33:08.936Z] Found firebase-functions binary at '/home/user/parsley-membership-platform/functions/node_modules/.bin/firebase-functions'
[info] Serving at port 8472

[debug] [2025-09-14T04:33:09.451Z] Got response from /__/functions.yaml {"endpoints":{"processDocument":{"platform":"gcfv1","labels":{},"availableMemoryMb":null,"timeoutSeconds":null,"minInstances":null,"maxInstances":null,"ingressSettings":null,"serviceAccountEmail":null,"vpc":null,"callableTrigger":{},"entryPoint":"processDocument"}},"specVersion":"v1alpha1","requiredAPIs":[]}
[info] i  functions: preparing functions directory for uploading... 
[info] i  functions: packaged /home/user/parsley-membership-platform/functions (38.7 KB) for uploading 
[debug] [2025-09-14T04:33:13.559Z] Checked if tokens are valid: true, expires at: 1757826885014
[debug] [2025-09-14T04:33:13.560Z] Checked if tokens are valid: true, expires at: 1757826885014
[debug] [2025-09-14T04:33:13.560Z] >>> [apiv2][query] GET https://cloudfunctions.googleapis.com/v1/projects/parsley-membership-platform/locations/-/functions [none]
[debug] [2025-09-14T04:33:13.995Z] <<< [apiv2][status] GET https://cloudfunctions.googleapis.com/v1/projects/parsley-membership-platform/locations/-/functions 200
[debug] [2025-09-14T04:33:13.995Z] <<< [apiv2][body] GET https://cloudfunctions.googleapis.com/v1/projects/parsley-membership-platform/locations/-/functions {}
[debug] [2025-09-14T04:33:13.996Z] Checked if tokens are valid: true, expires at: 1757826885014
[debug] [2025-09-14T04:33:13.996Z] Checked if tokens are valid: true, expires at: 1757826885014
[debug] [2025-09-14T04:33:13.997Z] >>> [apiv2][query] GET https://cloudfunctions.googleapis.com/v2/projects/parsley-membership-platform/locations/-/functions filter=environment%3D%22GEN_2%22
[debug] [2025-09-14T04:33:14.362Z] <<< [apiv2][status] GET https://cloudfunctions.googleapis.com/v2/projects/parsley-membership-platform/locations/-/functions 200
[debug] [2025-09-14T04:33:14.362Z] <<< [apiv2][body] GET https://cloudfunctions.googleapis.com/v2/projects/parsley-membership-platform/locations/-/functions {}
[debug] [2025-09-14T04:33:14.366Z] Checked if tokens are valid: true, expires at: 1757826885014
[debug] [2025-09-14T04:33:14.366Z] Checked if tokens are valid: true, expires at: 1757826885014
[debug] [2025-09-14T04:33:14.367Z] >>> [apiv2][query] GET https://cloudresourcemanager.googleapis.com/v1/projects/parsley-membership-platform [none]
[debug] [2025-09-14T04:33:14.418Z] <<< [apiv2][status] GET https://cloudresourcemanager.googleapis.com/v1/projects/parsley-membership-platform 200
[debug] [2025-09-14T04:33:14.418Z] <<< [apiv2][body] GET https://cloudresourcemanager.googleapis.com/v1/projects/parsley-membership-platform {"projectNumber":"943856613574","projectId":"parsley-membership-platform","lifecycleState":"ACTIVE","name":"parsley-membership-platform","labels":{"firebase":"enabled","firebase-core":"disabled"},"createTime":"2025-09-09T17:53:35.884918Z","parent":{"type":"organization","id":"692720908201"}}
[debug] [2025-09-14T04:33:14.420Z] Checked if tokens are valid: true, expires at: 1757826885014
[debug] [2025-09-14T04:33:14.420Z] Checked if tokens are valid: true, expires at: 1757826885014
[debug] [2025-09-14T04:33:14.420Z] >>> [apiv2][query] POST https://cloudfunctions.googleapis.com/v1/projects/parsley-membership-platform/locations/us-central1/functions:generateUploadUrl [none]
[debug] [2025-09-14T04:33:14.421Z] >>> [apiv2][body] POST https://cloudfunctions.googleapis.com/v1/projects/parsley-membership-platform/locations/us-central1/functions:generateUploadUrl {}
[debug] [2025-09-14T04:33:14.799Z] <<< [apiv2][status] POST https://cloudfunctions.googleapis.com/v1/projects/parsley-membership-platform/locations/us-central1/functions:generateUploadUrl 200
[debug] [2025-09-14T04:33:14.799Z] <<< [apiv2][body] POST https://cloudfunctions.googleapis.com/v1/projects/parsley-membership-platform/locations/us-central1/functions:generateUploadUrl {"uploadUrl":"https://storage.googleapis.com/uploads-704731861126.us-central1.cloudfunctions.appspot.com/ea80bd05-9f30-4c44-8bb9-c804afdace53.zip?GoogleAccessId=service-943856613574@gcf-admin-robot.iam.gserviceaccount.com&Expires=1757826194&Signature=pCnUgnOVYHQz5IttxKYgK8YablvoKIScfwVPDpRWXdOoZK9WzSLw9dteigpefxBbiKRtyKUrNOHEGzLsMbToSHRET4B9bkwdQsX6FZ2OZOTCYZkpJGvHAIpsRgLoSvhg5PUSJ%2F6HlaU%2F8wFZZI5h%2BsU5%2B%2BA54OQ9yFY%2FwWtfrSoMfMrgmxjA6VGfdegvnupGNba2gGnd5yWZzNLkvH4l1bEv8YUqapsvtXBmUgQrWQCSNltRoRf1sj7pvCXpyWYuViyCrDeOetZIBM%2F44y7snRLS4PRjfJ%2FcfTW9NIy4FbpHoCy%2F4BHZFASSfE1GnfqbLDmyPl8NTx%2FEJTyoywIJUw%3D%3D"}
[debug] [2025-09-14T04:33:14.800Z] >>> [apiv2][query] PUT https://storage.googleapis.com/uploads-704731861126.us-central1.cloudfunctions.appspot.com/ea80bd05-9f30-4c44-8bb9-c804afdace53.zip GoogleAccessId=service-943856613574%40gcf-admin-robot.iam.gserviceaccount.com&Expires=1757826194&Signature=pCnUgnOVYHQz5IttxKYgK8YablvoKIScfwVPDpRWXdOoZK9WzSLw9dteigpefxBbiKRtyKUrNOHEGzLsMbToSHRET4B9bkwdQsX6FZ2OZOTCYZkpJGvHAIpsRgLoSvhg5PUSJ%2F6HlaU%2F8wFZZI5h%2BsU5%2B%2BA54OQ9yFY%2FwWtfrSoMfMrgmxjA6VGfdegvnupGNba2gGnd5yWZzNLkvH4l1bEv8YUqapsvtXBmUgQrWQCSNltRoRf1sj7pvCXpyWYuViyCrDeOetZIBM%2F44y7snRLS4PRjfJ%2FcfTW9NIy4FbpHoCy%2F4BHZFASSfE1GnfqbLDmyPl8NTx%2FEJTyoywIJUw%3D%3D
[debug] [2025-09-14T04:33:14.801Z] >>> [apiv2][body] PUT https://storage.googleapis.com/uploads-704731861126.us-central1.cloudfunctions.appspot.com/ea80bd05-9f30-4c44-8bb9-c804afdace53.zip [stream]
[debug] [2025-09-14T04:33:14.891Z] <<< [apiv2][status] PUT https://storage.googleapis.com/uploads-704731861126.us-central1.cloudfunctions.appspot.com/ea80bd05-9f30-4c44-8bb9-c804afdace53.zip 200
[debug] [2025-09-14T04:33:14.891Z] <<< [apiv2][body] PUT https://storage.googleapis.com/uploads-704731861126.us-central1.cloudfunctions.appspot.com/ea80bd05-9f30-4c44-8bb9-c804afdace53.zip [omitted]
[info] ✔  functions: functions source uploaded successfully 
[info] i  functions: creating Node.js 18 (1st Gen) function processDocument(us-central1)... 
[debug] [2025-09-14T04:33:14.896Z] Checked if tokens are valid: true, expires at: 1757826885014
[debug] [2025-09-14T04:33:14.896Z] Checked if tokens are valid: true, expires at: 1757826885014
[debug] [2025-09-14T04:33:14.896Z] >>> [apiv2][query] POST https://cloudfunctions.googleapis.com/v1/projects/parsley-membership-platform/locations/us-central1/functions [none]
[debug] [2025-09-14T04:33:14.896Z] >>> [apiv2][body] POST https://cloudfunctions.googleapis.com/v1/projects/parsley-membership-platform/locations/us-central1/functions {"name":"projects/parsley-membership-platform/locations/us-central1/functions/processDocument","sourceUploadUrl":"https://storage.googleapis.com/uploads-704731861126.us-central1.cloudfunctions.appspot.com/ea80bd05-9f30-4c44-8bb9-c804afdace53.zip?GoogleAccessId=service-943856613574@gcf-admin-robot.iam.gserviceaccount.com&Expires=1757826194&Signature=pCnUgnOVYHQz5IttxKYgK8YablvoKIScfwVPDpRWXdOoZK9WzSLw9dteigpefxBbiKRtyKUrNOHEGzLsMbToSHRET4B9bkwdQsX6FZ2OZOTCYZkpJGvHAIpsRgLoSvhg5PUSJ%2F6HlaU%2F8wFZZI5h%2BsU5%2B%2BA54OQ9yFY%2FwWtfrSoMfMrgmxjA6VGfdegvnupGNba2gGnd5yWZzNLkvH4l1bEv8YUqapsvtXBmUgQrWQCSNltRoRf1sj7pvCXpyWYuViyCrDeOetZIBM%2F44y7snRLS4PRjfJ%2FcfTW9NIy4FbpHoCy%2F4BHZFASSfE1GnfqbLDmyPl8NTx%2FEJTyoywIJUw%3D%3D","entryPoint":"processDocument","runtime":"nodejs18","dockerRegistry":"ARTIFACT_REGISTRY","labels":{"deployment-tool":"cli-firebase","deployment-callable":"true","firebase-functions-hash":"68ecbd8b0760990259abe285b2c660d2f755d449"},"httpsTrigger":{"securityLevel":"SECURE_ALWAYS"},"minInstances":null,"maxInstances":null,"ingressSettings":null,"environmentVariables":{"FIREBASE_CONFIG":"{\"projectId\":\"parsley-membership-platform\",\"storageBucket\":\"parsley-membership-platform.firebasestorage.app\"}","GCLOUD_PROJECT":"parsley-membership-platform","EVENTARC_CLOUD_EVENT_SOURCE":"projects/parsley-membership-platform/locations/us-central1/functions/processDocument"},"serviceAccountEmail":null,"availableMemoryMb":null,"timeout":null,"vpcConnector":null,"vpcConnectorEgressSettings":null,"buildEnvironmentVariables":{"GOOGLE_NODE_RUN_SCRIPTS":""}}
[debug] [2025-09-14T04:33:15.468Z] <<< [apiv2][status] POST https://cloudfunctions.googleapis.com/v1/projects/parsley-membership-platform/locations/us-central1/functions 200
[debug] [2025-09-14T04:33:15.469Z] <<< [apiv2][body] POST https://cloudfunctions.googleapis.com/v1/projects/parsley-membership-platform/locations/us-central1/functions {"name":"operations/cHJvamVjdHMvcGFyc2xleS1tZW1iZXJzaGlwLXBsYXRmb3JtL2xvY2F0aW9ucy91cy1jZW50cmFsMS9vcGVyYXRpb25zL29wZXJhdGlvbi0xNzU3ODI0Mzk0OTcxLTYzZWJiNjJhM2M4ZmYtOTgyZWYxODktZTkwNGQwN2Q","metadata":{"@type":"type.googleapis.com/google.cloud.functions.v1.OperationMetadataV1","target":"projects/parsley-membership-platform/locations/us-central1/functions/processDocument","updateTime":"2025-09-14T04:33:15.449637468Z"}}
[debug] [2025-09-14T04:33:15.470Z] Checked if tokens are valid: true, expires at: 1757826885014
[debug] [2025-09-14T04:33:15.470Z] Checked if tokens are valid: true, expires at: 1757826885014
[debug] [2025-09-14T04:33:15.470Z] >>> [apiv2][query] GET https://cloudfunctions.googleapis.com/v1/operations/cHJvamVjdHMvcGFyc2xleS1tZW1iZXJzaGlwLXBsYXRmb3JtL2xvY2F0aW9ucy91cy1jZW50cmFsMS9vcGVyYXRpb25zL29wZXJhdGlvbi0xNzU3ODI0Mzk0OTcxLTYzZWJiNjJhM2M4ZmYtOTgyZWYxODktZTkwNGQwN2Q [none]
[debug] [2025-09-14T04:33:15.537Z] <<< [apiv2][status] GET https://cloudfunctions.googleapis.com/v1/operations/cHJvamVjdHMvcGFyc2xleS1tZW1iZXJzaGlwLXBsYXRmb3JtL2xvY2F0aW9ucy91cy1jZW50cmFsMS9vcGVyYXRpb25zL29wZXJhdGlvbi0xNzU3ODI0Mzk0OTcxLTYzZWJiNjJhM2M4ZmYtOTgyZWYxODktZTkwNGQwN2Q 200
[debug] [2025-09-14T04:33:15.537Z] <<< [apiv2][body] GET https://cloudfunctions.googleapis.com/v1/operations/cHJvamVjdHMvcGFyc2xleS1tZW1iZXJzaGlwLXBsYXRmb3JtL2xvY2F0aW9ucy91cy1jZW50cmFsMS9vcGVyYXRpb25zL29wZXJhdGlvbi0xNzU3ODI0Mzk0OTcxLTYzZWJiNjJhM2M4ZmYtOTgyZWYxODktZTkwNGQwN2Q {"name":"operations/cHJvamVjdHMvcGFyc2xleS1tZW1iZXJzaGlwLXBsYXRmb3JtL2xvY2F0aW9ucy91cy1jZW50cmFsMS9vcGVyYXRpb25zL29wZXJhdGlvbi0xNzU3ODI0Mzk0OTcxLTYzZWJiNjJhM2M4ZmYtOTgyZWYxODktZTkwNGQwN2Q","metadata":{"@type":"type.googleapis.com/google.cloud.functions.v1.OperationMetadataV1","target":"projects/parsley-membership-platform/locations/us-central1/functions/processDocument","updateTime":"2025-09-14T04:33:15.449637468Z"}}
[debug] [2025-09-14T04:33:16.038Z] [create-default-us-central1-processDocument] Retrying task index 0
[debug] [2025-09-14T04:33:16.038Z] Checked if tokens are valid: true, expires at: 1757826885014
[debug] [2025-09-14T04:33:16.038Z] Checked if tokens are valid: true, expires at: 1757826885014
[debug] [2025-09-14T04:33:16.038Z] >>> [apiv2][query] GET https://cloudfunctions.googleapis.com/v1/operations/cHJvamVjdHMvcGFyc2xleS1tZW1iZXJzaGlwLXBsYXRmb3JtL2xvY2F0aW9ucy91cy1jZW50cmFsMS9vcGVyYXRpb25zL29wZXJhdGlvbi0xNzU3ODI0Mzk0OTcxLTYzZWJiNjJhM2M4ZmYtOTgyZWYxODktZTkwNGQwN2Q [none]
[debug] [2025-09-14T04:33:16.123Z] <<< [apiv2][status] GET https://cloudfunctions.googleapis.com/v1/operations/cHJvamVjdHMvcGFyc2xleS1tZW1iZXJzaGlwLXBsYXRmb3JtL2xvY2F0aW9ucy91cy1jZW50cmFsMS9vcGVyYXRpb25zL29wZXJhdGlvbi0xNzU3ODI0Mzk0OTcxLTYzZWJiNjJhM2M4ZmYtOTgyZWYxODktZTkwNGQwN2Q 200
[debug] [2025-09-14T04:33:16.123Z] <<< [apiv2][body] GET https://cloudfunctions.googleapis.com/v1/operations/cHJvamVjdHMvcGFyc2xleS1tZW1iZXJzaGlwLXBsYXRmb3JtL2xvY2F0aW9ucy91cy1jZW50cmFsMS9vcGVyYXRpb25zL29wZXJhdGlvbi0xNzU3ODI0Mzk0OTcxLTYzZWJiNjJhM2M4ZmYtOTgyZWYxODktZTkwNGQwN2Q {"name":"operations/cHJvamVjdHMvcGFyc2xleS1tZW1iZXJzaGlwLXBsYXRmb3JtL2xvY2F0aW9ucy91cy1jZW50cmFsMS9vcGVyYXRpb25zL29wZXJhdGlvbi0xNzU3ODI0Mzk0OTcxLTYzZWJiNjJhM2M4ZmYtOTgyZWYxODktZTkwNGQwN2Q","metadata":{"@type":"type.googleapis.com/google.cloud.functions.v1.OperationMetadataV1","target":"projects/parsley-membership-platform/locations/us-central1/functions/processDocument","updateTime":"2025-09-14T04:33:15.449637468Z"}}
[debug] [2025-09-14T04:33:17.125Z] [create-default-us-central1-processDocument] Retrying task index 0
[debug] [2025-09-14T04:33:17.125Z] Checked if tokens are valid: true, expires at: 1757826885014
[debug] [2025-09-14T04:33:17.125Z] Checked if tokens are valid: true, expires at: 1757826885014
[debug] [2025-09-14T04:33:17.126Z] >>> [apiv2][query] GET https://cloudfunctions.googleapis.com/v1/operations/cHJvamVjdHMvcGFyc2xleS1tZW1iZXJzaGlwLXBsYXRmb3JtL2xvY2F0aW9ucy91cy1jZW50cmFsMS9vcGVyYXRpb25zL29wZXJhdGlvbi0xNzU3ODI0Mzk0OTcxLTYzZWJiNjJhM2M4ZmYtOTgyZWYxODktZTkwNGQwN2Q [none]
[debug] [2025-09-14T04:33:17.169Z] <<< [apiv2][status] GET https://cloudfunctions.googleapis.com/v1/operations/cHJvamVjdHMvcGFyc2xleS1tZW1iZXJzaGlwLXBsYXRmb3JtL2xvY2F0aW9ucy91cy1jZW50cmFsMS9vcGVyYXRpb25zL29wZXJhdGlvbi0xNzU3ODI0Mzk0OTcxLTYzZWJiNjJhM2M4ZmYtOTgyZWYxODktZTkwNGQwN2Q 200
[debug] [2025-09-14T04:33:17.169Z] <<< [apiv2][body] GET https://cloudfunctions.googleapis.com/v1/operations/cHJvamVjdHMvcGFyc2xleS1tZW1iZXJzaGlwLXBsYXRmb3JtL2xvY2F0aW9ucy91cy1jZW50cmFsMS9vcGVyYXRpb25zL29wZXJhdGlvbi0xNzU3ODI0Mzk0OTcxLTYzZWJiNjJhM2M4ZmYtOTgyZWYxODktZTkwNGQwN2Q {"name":"operations/cHJvamVjdHMvcGFyc2xleS1tZW1iZXJzaGlwLXBsYXRmb3JtL2xvY2F0aW9ucy91cy1jZW50cmFsMS9vcGVyYXRpb25zL29wZXJhdGlvbi0xNzU3ODI0Mzk0OTcxLTYzZWJiNjJhM2M4ZmYtOTgyZWYxODktZTkwNGQwN2Q","metadata":{"@type":"type.googleapis.com/google.cloud.functions.v1.OperationMetadataV1","target":"projects/parsley-membership-platform/locations/us-central1/functions/processDocument","type":"CREATE_FUNCTION","request":{"@type":"type.googleapis.com/google.cloud.functions.v1.CloudFunction","name":"projects/parsley-membership-platform/locations/us-central1/functions/processDocument","httpsTrigger":{"securityLevel":"SECURE_ALWAYS"},"entryPoint":"processDocument","updateTime":"1970-01-01T00:00:00Z","labels":{"deployment-tool":"cli-firebase","deployment-callable":"true","firebase-functions-hash":"68ecbd8b0760990259abe285b2c660d2f755d449"},"sourceUploadUrl":"https://storage.googleapis.com/uploads-704731861126.us-central1.cloudfunctions.appspot.com/ea80bd05-9f30-4c44-8bb9-c804afdace53.zip?GoogleAccessId=service-943856613574@gcf-admin-robot.iam.gserviceaccount.com&Expires=1757826194&Signature=pCnUgnOVYHQz5IttxKYgK8YablvoKIScfwVPDpRWXdOoZK9WzSLw9dteigpefxBbiKRtyKUrNOHEGzLsMbToSHRET4B9bkwdQsX6FZ2OZOTCYZkpJGvHAIpsRgLoSvhg5PUSJ%2F6HlaU%2F8wFZZI5h%2BsU5%2B%2BA54OQ9yFY%2FwWtfrSoMfMrgmxjA6VGfdegvnupGNba2gGnd5yWZzNLkvH4l1bEv8YUqapsvtXBmUgQrWQCSNltRoRf1sj7pvCXpyWYuViyCrDeOetZIBM%2F44y7snRLS4PRjfJ%2FcfTW9NIy4FbpHoCy%2F4BHZFASSfE1GnfqbLDmyPl8NTx%2FEJTyoywIJUw%3D%3D","environmentVariables":{"FIREBASE_CONFIG":"{\"projectId\":\"parsley-membership-platform\",\"storageBucket\":\"parsley-membership-platform.firebasestorage.app\"}","GCLOUD_PROJECT":"parsley-membership-platform","EVENTARC_CLOUD_EVENT_SOURCE":"projects/parsley-membership-platform/locations/us-central1/functions/processDocument"},"runtime":"nodejs18","buildEnvironmentVariables":{"GOOGLE_NODE_RUN_SCRIPTS":""},"dockerRegistry":"ARTIFACT_REGISTRY"},"versionId":"1","updateTime":"2025-09-14T04:33:15.449637468Z"}}
[debug] [2025-09-14T04:33:19.169Z] [create-default-us-central1-processDocument] Retrying task index 0
[debug] [2025-09-14T04:33:19.170Z] Checked if tokens are valid: true, expires at: 1757826885014
[debug] [2025-09-14T04:33:19.170Z] Checked if tokens are valid: true, expires at: 1757826885014
[debug] [2025-09-14T04:33:19.170Z] >>> [apiv2][query] GET https://cloudfunctions.googleapis.com/v1/operations/cHJvamVjdHMvcGFyc2xleS1tZW1iZXJzaGlwLXBsYXRmb3JtL2xvY2F0aW9ucy91cy1jZW50cmFsMS9vcGVyYXRpb25zL29wZXJhdGlvbi0xNzU3ODI0Mzk0OTcxLTYzZWJiNjJhM2M4ZmYtOTgyZWYxODktZTkwNGQwN2Q [none]
[debug] [2025-09-14T04:33:19.226Z] <<< [apiv2][status] GET https://cloudfunctions.googleapis.com/v1/operations/cHJvamVjdHMvcGFyc2xleS1tZW1iZXJzaGlwLXBsYXRmb3JtL2xvY2F0aW9ucy91cy1jZW50cmFsMS9vcGVyYXRpb25zL29wZXJhdGlvbi0xNzU3ODI0Mzk0OTcxLTYzZWJiNjJhM2M4ZmYtOTgyZWYxODktZTkwNGQwN2Q 200
[debug] [2025-09-14T04:33:19.227Z] <<< [apiv2][body] GET https://cloudfunctions.googleapis.com/v1/operations/cHJvamVjdHMvcGFyc2xleS1tZW1iZXJzaGlwLXBsYXRmb3JtL2xvY2F0aW9ucy91cy1jZW50cmFsMS9vcGVyYXRpb25zL29wZXJhdGlvbi0xNzU3ODI0Mzk0OTcxLTYzZWJiNjJhM2M4ZmYtOTgyZWYxODktZTkwNGQwN2Q {"name":"operations/cHJvamVjdHMvcGFyc2xleS1tZW1iZXJzaGlwLXBsYXRmb3JtL2xvY2F0aW9ucy91cy1jZW50cmFsMS9vcGVyYXRpb25zL29wZXJhdGlvbi0xNzU3ODI0Mzk0OTcxLTYzZWJiNjJhM2M4ZmYtOTgyZWYxODktZTkwNGQwN2Q","metadata":{"@type":"type.googleapis.com/google.cloud.functions.v1.OperationMetadataV1","target":"projects/parsley-membership-platform/locations/us-central1/functions/processDocument","type":"CREATE_FUNCTION","request":{"@type":"type.googleapis.com/google.cloud.functions.v1.CloudFunction","name":"projects/parsley-membership-platform/locations/us-central1/functions/processDocument","httpsTrigger":{"securityLevel":"SECURE_ALWAYS"},"entryPoint":"processDocument","updateTime":"1970-01-01T00:00:00Z","labels":{"deployment-tool":"cli-firebase","deployment-callable":"true","firebase-functions-hash":"68ecbd8b0760990259abe285b2c660d2f755d449"},"sourceUploadUrl":"https://storage.googleapis.com/uploads-704731861126.us-central1.cloudfunctions.appspot.com/ea80bd05-9f30-4c44-8bb9-c804afdace53.zip?GoogleAccessId=service-943856613574@gcf-admin-robot.iam.gserviceaccount.com&Expires=1757826194&Signature=pCnUgnOVYHQz5IttxKYgK8YablvoKIScfwVPDpRWXdOoZK9WzSLw9dteigpefxBbiKRtyKUrNOHEGzLsMbToSHRET4B9bkwdQsX6FZ2OZOTCYZkpJGvHAIpsRgLoSvhg5PUSJ%2F6HlaU%2F8wFZZI5h%2BsU5%2B%2BA54OQ9yFY%2FwWtfrSoMfMrgmxjA6VGfdegvnupGNba2gGnd5yWZzNLkvH4l1bEv8YUqapsvtXBmUgQrWQCSNltRoRf1sj7pvCXpyWYuViyCrDeOetZIBM%2F44y7snRLS4PRjfJ%2FcfTW9NIy4FbpHoCy%2F4BHZFASSfE1GnfqbLDmyPl8NTx%2FEJTyoywIJUw%3D%3D","environmentVariables":{"FIREBASE_CONFIG":"{\"projectId\":\"parsley-membership-platform\",\"storageBucket\":\"parsley-membership-platform.firebasestorage.app\"}","GCLOUD_PROJECT":"parsley-membership-platform","EVENTARC_CLOUD_EVENT_SOURCE":"projects/parsley-membership-platform/locations/us-central1/functions/processDocument"},"runtime":"nodejs18","buildEnvironmentVariables":{"GOOGLE_NODE_RUN_SCRIPTS":""},"dockerRegistry":"ARTIFACT_REGISTRY"},"versionId":"1","updateTime":"2025-09-14T04:33:15.449637468Z","buildId":"a247c527-b97a-455e-93a3-6a3cfa51092b","buildName":"projects/943856613574/locations/us-central1/builds/a247c527-b97a-455e-93a3-6a3cfa51092b"}}
[debug] [2025-09-14T04:33:23.232Z] [create-default-us-central1-processDocument] Retrying task index 0
[debug] [2025-09-14T04:33:23.232Z] Checked if tokens are valid: true, expires at: 1757826885014
[debug] [2025-09-14T04:33:23.233Z] Checked if tokens are valid: true, expires at: 1757826885014
[debug] [2025-09-14T04:33:23.233Z] >>> [apiv2][query] GET https://cloudfunctions.googleapis.com/v1/operations/cHJvamVjdHMvcGFyc2xleS1tZW1iZXJzaGlwLXBsYXRmb3JtL2xvY2F0aW9ucy91cy1jZW50cmFsMS9vcGVyYXRpb25zL29wZXJhdGlvbi0xNzU3ODI0Mzk0OTcxLTYzZWJiNjJhM2M4ZmYtOTgyZWYxODktZTkwNGQwN2Q [none]
[debug] [2025-09-14T04:33:23.282Z] <<< [apiv2][status] GET https://cloudfunctions.googleapis.com/v1/operations/cHJvamVjdHMvcGFyc2xleS1tZW1iZXJzaGlwLXBsYXRmb3JtL2xvY2F0aW9ucy91cy1jZW50cmFsMS9vcGVyYXRpb25zL29wZXJhdGlvbi0xNzU3ODI0Mzk0OTcxLTYzZWJiNjJhM2M4ZmYtOTgyZWYxODktZTkwNGQwN2Q 200
[debug] [2025-09-14T04:33:23.283Z] <<< [apiv2][body] GET https://cloudfunctions.googleapis.com/v1/operations/cHJvamVjdHMvcGFyc2xleS1tZW1iZXJzaGlwLXBsYXRmb3JtL2xvY2F0aW9ucy91cy1jZW50cmFsMS9vcGVyYXRpb25zL29wZXJhdGlvbi0xNzU3ODI0Mzk0OTcxLTYzZWJiNjJhM2M4ZmYtOTgyZWYxODktZTkwNGQwN2Q {"name":"operations/cHJvamVjdHMvcGFyc2xleS1tZW1iZXJzaGlwLXBsYXRmb3JtL2xvY2F0aW9ucy91cy1jZW50cmFsMS9vcGVyYXRpb25zL29wZXJhdGlvbi0xNzU3ODI0Mzk0OTcxLTYzZWJiNjJhM2M4ZmYtOTgyZWYxODktZTkwNGQwN2Q","metadata":{"@type":"type.googleapis.com/google.cloud.functions.v1.OperationMetadataV1","target":"projects/parsley-membership-platform/locations/us-central1/functions/processDocument","type":"CREATE_FUNCTION","request":{"@type":"type.googleapis.com/google.cloud.functions.v1.CloudFunction","name":"projects/parsley-membership-platform/locations/us-central1/functions/processDocument","httpsTrigger":{"securityLevel":"SECURE_ALWAYS"},"entryPoint":"processDocument","updateTime":"1970-01-01T00:00:00Z","labels":{"deployment-tool":"cli-firebase","deployment-callable":"true","firebase-functions-hash":"68ecbd8b0760990259abe285b2c660d2f755d449"},"sourceUploadUrl":"https://storage.googleapis.com/uploads-704731861126.us-central1.cloudfunctions.appspot.com/ea80bd05-9f30-4c44-8bb9-c804afdace53.zip?GoogleAccessId=service-943856613574@gcf-admin-robot.iam.gserviceaccount.com&Expires=1757826194&Signature=pCnUgnOVYHQz5IttxKYgK8YablvoKIScfwVPDpRWXdOoZK9WzSLw9dteigpefxBbiKRtyKUrNOHEGzLsMbToSHRET4B9bkwdQsX6FZ2OZOTCYZkpJGvHAIpsRgLoSvhg5PUSJ%2F6HlaU%2F8wFZZI5h%2BsU5%2B%2BA54OQ9yFY%2FwWtfrSoMfMrgmxjA6VGfdegvnupGNba2gGnd5yWZzNLkvH4l1bEv8YUqapsvtXBmUgQrWQCSNltRoRf1sj7pvCXpyWYuViyCrDeOetZIBM%2F44y7snRLS4PRjfJ%2FcfTW9NIy4FbpHoCy%2F4BHZFASSfE1GnfqbLDmyPl8NTx%2FEJTyoywIJUw%3D%3D","environmentVariables":{"FIREBASE_CONFIG":"{\"projectId\":\"parsley-membership-platform\",\"storageBucket\":\"parsley-membership-platform.firebasestorage.app\"}","GCLOUD_PROJECT":"parsley-membership-platform","EVENTARC_CLOUD_EVENT_SOURCE":"projects/parsley-membership-platform/locations/us-central1/functions/processDocument"},"runtime":"nodejs18","buildEnvironmentVariables":{"GOOGLE_NODE_RUN_SCRIPTS":""},"dockerRegistry":"ARTIFACT_REGISTRY"},"versionId":"1","updateTime":"2025-09-14T04:33:15.449637468Z","buildId":"a247c527-b97a-455e-93a3-6a3cfa51092b","buildName":"projects/943856613574/locations/us-central1/builds/a247c527-b97a-455e-93a3-6a3cfa51092b"}}
[debug] [2025-09-14T04:33:31.287Z] [create-default-us-central1-processDocument] Retrying task index 0
[debug] [2025-09-14T04:33:31.287Z] Checked if tokens are valid: true, expires at: 1757826885014
[debug] [2025-09-14T04:33:31.288Z] Checked if tokens are valid: true, expires at: 1757826885014
[debug] [2025-09-14T04:33:31.288Z] >>> [apiv2][query] GET https://cloudfunctions.googleapis.com/v1/operations/cHJvamVjdHMvcGFyc2xleS1tZW1iZXJzaGlwLXBsYXRmb3JtL2xvY2F0aW9ucy91cy1jZW50cmFsMS9vcGVyYXRpb25zL29wZXJhdGlvbi0xNzU3ODI0Mzk0OTcxLTYzZWJiNjJhM2M4ZmYtOTgyZWYxODktZTkwNGQwN2Q [none]
[debug] [2025-09-14T04:33:31.367Z] <<< [apiv2][status] GET https://cloudfunctions.googleapis.com/v1/operations/cHJvamVjdHMvcGFyc2xleS1tZW1iZXJzaGlwLXBsYXRmb3JtL2xvY2F0aW9ucy91cy1jZW50cmFsMS9vcGVyYXRpb25zL29wZXJhdGlvbi0xNzU3ODI0Mzk0OTcxLTYzZWJiNjJhM2M4ZmYtOTgyZWYxODktZTkwNGQwN2Q 200
[debug] [2025-09-14T04:33:31.367Z] <<< [apiv2][body] GET https://cloudfunctions.googleapis.com/v1/operations/cHJvamVjdHMvcGFyc2xleS1tZW1iZXJzaGlwLXBsYXRmb3JtL2xvY2F0aW9ucy91cy1jZW50cmFsMS9vcGVyYXRpb25zL29wZXJhdGlvbi0xNzU3ODI0Mzk0OTcxLTYzZWJiNjJhM2M4ZmYtOTgyZWYxODktZTkwNGQwN2Q {"name":"operations/cHJvamVjdHMvcGFyc2xleS1tZW1iZXJzaGlwLXBsYXRmb3JtL2xvY2F0aW9ucy91cy1jZW50cmFsMS9vcGVyYXRpb25zL29wZXJhdGlvbi0xNzU3ODI0Mzk0OTcxLTYzZWJiNjJhM2M4ZmYtOTgyZWYxODktZTkwNGQwN2Q","metadata":{"@type":"type.googleapis.com/google.cloud.functions.v1.OperationMetadataV1","target":"projects/parsley-membership-platform/locations/us-central1/functions/processDocument","type":"CREATE_FUNCTION","request":{"@type":"type.googleapis.com/google.cloud.functions.v1.CloudFunction","name":"projects/parsley-membership-platform/locations/us-central1/functions/processDocument","httpsTrigger":{"securityLevel":"SECURE_ALWAYS"},"entryPoint":"processDocument","updateTime":"1970-01-01T00:00:00Z","labels":{"deployment-tool":"cli-firebase","deployment-callable":"true","firebase-functions-hash":"68ecbd8b0760990259abe285b2c660d2f755d449"},"sourceUploadUrl":"https://storage.googleapis.com/uploads-704731861126.us-central1.cloudfunctions.appspot.com/ea80bd05-9f30-4c44-8bb9-c804afdace53.zip?GoogleAccessId=service-943856613574@gcf-admin-robot.iam.gserviceaccount.com&Expires=1757826194&Signature=pCnUgnOVYHQz5IttxKYgK8YablvoKIScfwVPDpRWXdOoZK9WzSLw9dteigpefxBbiKRtyKUrNOHEGzLsMbToSHRET4B9bkwdQsX6FZ2OZOTCYZkpJGvHAIpsRgLoSvhg5PUSJ%2F6HlaU%2F8wFZZI5h%2BsU5%2B%2BA54OQ9yFY%2FwWtfrSoMfMrgmxjA6VGfdegvnupGNba2gGnd5yWZzNLkvH4l1bEv8YUqapsvtXBmUgQrWQCSNltRoRf1sj7pvCXpyWYuViyCrDeOetZIBM%2F44y7snRLS4PRjfJ%2FcfTW9NIy4FbpHoCy%2F4BHZFASSfE1GnfqbLDmyPl8NTx%2FEJTyoywIJUw%3D%3D","environmentVariables":{"FIREBASE_CONFIG":"{\"projectId\":\"parsley-membership-platform\",\"storageBucket\":\"parsley-membership-platform.firebasestorage.app\"}","GCLOUD_PROJECT":"parsley-membership-platform","EVENTARC_CLOUD_EVENT_SOURCE":"projects/parsley-membership-platform/locations/us-central1/functions/processDocument"},"runtime":"nodejs18","buildEnvironmentVariables":{"GOOGLE_NODE_RUN_SCRIPTS":""},"dockerRegistry":"ARTIFACT_REGISTRY"},"versionId":"1","updateTime":"2025-09-14T04:33:15.449637468Z","buildId":"a247c527-b97a-455e-93a3-6a3cfa51092b","buildName":"projects/943856613574/locations/us-central1/builds/a247c527-b97a-455e-93a3-6a3cfa51092b"}}
[debug] [2025-09-14T04:33:41.373Z] [create-default-us-central1-processDocument] Retrying task index 0
[debug] [2025-09-14T04:33:41.374Z] Checked if tokens are valid: true, expires at: 1757826885014
[debug] [2025-09-14T04:33:41.374Z] Checked if tokens are valid: true, expires at: 1757826885014
[debug] [2025-09-14T04:33:41.374Z] >>> [apiv2][query] GET https://cloudfunctions.googleapis.com/v1/operations/cHJvamVjdHMvcGFyc2xleS1tZW1iZXJzaGlwLXBsYXRmb3JtL2xvY2F0aW9ucy91cy1jZW50cmFsMS9vcGVyYXRpb25zL29wZXJhdGlvbi0xNzU3ODI0Mzk0OTcxLTYzZWJiNjJhM2M4ZmYtOTgyZWYxODktZTkwNGQwN2Q [none]
[debug] [2025-09-14T04:33:41.457Z] <<< [apiv2][status] GET https://cloudfunctions.googleapis.com/v1/operations/cHJvamVjdHMvcGFyc2xleS1tZW1iZXJzaGlwLXBsYXRmb3JtL2xvY2F0aW9ucy91cy1jZW50cmFsMS9vcGVyYXRpb25zL29wZXJhdGlvbi0xNzU3ODI0Mzk0OTcxLTYzZWJiNjJhM2M4ZmYtOTgyZWYxODktZTkwNGQwN2Q 200
[debug] [2025-09-14T04:33:41.457Z] <<< [apiv2][body] GET https://cloudfunctions.googleapis.com/v1/operations/cHJvamVjdHMvcGFyc2xleS1tZW1iZXJzaGlwLXBsYXRmb3JtL2xvY2F0aW9ucy91cy1jZW50cmFsMS9vcGVyYXRpb25zL29wZXJhdGlvbi0xNzU3ODI0Mzk0OTcxLTYzZWJiNjJhM2M4ZmYtOTgyZWYxODktZTkwNGQwN2Q {"name":"operations/cHJvamVjdHMvcGFyc2xleS1tZW1iZXJzaGlwLXBsYXRmb3JtL2xvY2F0aW9ucy91cy1jZW50cmFsMS9vcGVyYXRpb25zL29wZXJhdGlvbi0xNzU3ODI0Mzk0OTcxLTYzZWJiNjJhM2M4ZmYtOTgyZWYxODktZTkwNGQwN2Q","metadata":{"@type":"type.googleapis.com/google.cloud.functions.v1.OperationMetadataV1","target":"projects/parsley-membership-platform/locations/us-central1/functions/processDocument","type":"CREATE_FUNCTION","request":{"@type":"type.googleapis.com/google.cloud.functions.v1.CloudFunction","name":"projects/parsley-membership-platform/locations/us-central1/functions/processDocument","httpsTrigger":{"securityLevel":"SECURE_ALWAYS"},"entryPoint":"processDocument","updateTime":"1970-01-01T00:00:00Z","labels":{"deployment-tool":"cli-firebase","deployment-callable":"true","firebase-functions-hash":"68ecbd8b0760990259abe285b2c660d2f755d449"},"sourceUploadUrl":"https://storage.googleapis.com/uploads-704731861126.us-central1.cloudfunctions.appspot.com/ea80bd05-9f30-4c44-8bb9-c804afdace53.zip?GoogleAccessId=service-943856613574@gcf-admin-robot.iam.gserviceaccount.com&Expires=1757826194&Signature=pCnUgnOVYHQz5IttxKYgK8YablvoKIScfwVPDpRWXdOoZK9WzSLw9dteigpefxBbiKRtyKUrNOHEGzLsMbToSHRET4B9bkwdQsX6FZ2OZOTCYZkpJGvHAIpsRgLoSvhg5PUSJ%2F6HlaU%2F8wFZZI5h%2BsU5%2B%2BA54OQ9yFY%2FwWtfrSoMfMrgmxjA6VGfdegvnupGNba2gGnd5yWZzNLkvH4l1bEv8YUqapsvtXBmUgQrWQCSNltRoRf1sj7pvCXpyWYuViyCrDeOetZIBM%2F44y7snRLS4PRjfJ%2FcfTW9NIy4FbpHoCy%2F4BHZFASSfE1GnfqbLDmyPl8NTx%2FEJTyoywIJUw%3D%3D","environmentVariables":{"FIREBASE_CONFIG":"{\"projectId\":\"parsley-membership-platform\",\"storageBucket\":\"parsley-membership-platform.firebasestorage.app\"}","GCLOUD_PROJECT":"parsley-membership-platform","EVENTARC_CLOUD_EVENT_SOURCE":"projects/parsley-membership-platform/locations/us-central1/functions/processDocument"},"runtime":"nodejs18","buildEnvironmentVariables":{"GOOGLE_NODE_RUN_SCRIPTS":""},"dockerRegistry":"ARTIFACT_REGISTRY"},"versionId":"1","updateTime":"2025-09-14T04:33:35.952854566Z","buildId":"a247c527-b97a-455e-93a3-6a3cfa51092b","buildName":"projects/943856613574/locations/us-central1/builds/a247c527-b97a-455e-93a3-6a3cfa51092b"},"done":true,"error":{"code":13,"message":"Gen1 operation for function projects/parsley-membership-platform/locations/us-central1/functions/processDocument failed: Build failed: Build error details not available.Please check the logs at https://console.cloud.google.com/cloud-build/builds;region=us-central1/a247c527-b97a-455e-93a3-6a3cfa51092b?project=943856613574. Please visit https://cloud.google.com/functions/docs/troubleshooting#build for in-depth troubleshooting documentation for build related errors..","details":[{"@type":"type.googleapis.com/google.rpc.DebugInfo","stackEntries":["cloud/control2/shared/userfriendly/userfriendly.go:1347 +0x25 google3/cloud/control2/shared/userfriendly/userfriendly.DebugInfoWithMessage({0xc0230530e0, 0x1d4})","cloud/control2/frontend/storedata/public_operation.go:256 +0xc8 google3/cloud/control2/frontend/storedata/publicoperation.toOperationError({0x5620f32e03a8, 0xc014a195f0}, 0xc0151e0578?, 0xd0?)","cloud/control2/frontend/storedata/public_operation.go:122 +0x3bf google3/cloud/control2/frontend/storedata/publicoperation.ToPublic({0x5620f32e03a8, 0xc014a195f0}, 0xc0151e0578, 0xc01f5745d0, 0xc01d0bb200, 0xc00517a7e0)","cloud/control2/frontend/converters/operation_converter.go:46 +0xa7 google3/cloud/control2/frontend/converters/operationconverter.(*OperationConverter).ConvertResource(0xc015ca9400, {0x5620f32e03a8, 0xc014a195f0}, {0x5620f32ed600, 0xc0151e0578}, 0x1?, 0x1?)","cloud/control2/frontend/handler/get.go:274 +0x2298 google3/cloud/control2/frontend/handler/handler.Handler.handleGet({{{0x5620f32ea5b0, 0xc003cbe480}, {0x0, 0x0}}, {{0xc00df1c3d0, 0x1, 0x1}, 0xc004a907c8, 0xc00df1c3c0, {0x5620f330e310, ...}, ...}, ...}, ...)","cloud/control2/frontend/handler/handler.go:401 +0xfdb google3/cloud/control2/frontend/handler/handler.Handler.start({{{0x5620f32ea5b0, 0xc003cbe480}, {0x0, 0x0}}, {{0xc00df1c3d0, 0x1, 0x1}, 0xc004a907c8, 0xc00df1c3c0, {0x5620f330e310, ...}, ...}, ...}, ...)","cloud/control2/frontend/handler/handler.go:278 +0x66 google3/cloud/control2/frontend/handler/handler.init.func20({_, _}, {{{0x5620f32ea5b0, 0xc003cbe480}, {0x0, 0x0}}, {{0xc00df1c3d0, 0x1, 0x1}, 0xc004a907c8, ...}, ...}, ...)","cloud/control2/frontend/handler/handler.go:273 +0x173 google3/cloud/control2/frontend/handler/handler.Handler.HandleRequest({{{0x5620f32ea5b0, 0xc003cbe480}, {0x0, 0x0}}, {{0xc00df1c3d0, 0x1, 0x1}, 0xc004a907c8, 0xc00df1c3c0, {0x5620f330e310, ...}, ...}, ...}, ...)","cloud/control2/frontend/server/request_handler.go:111 +0x53c google3/cloud/control2/frontend/server/requesthandler.(*Handler).handleRequestWithFullMethodName(0xc012cff0e0, {0x5620f32e03a8, 0xc023b83710}, 0xc029683e80, 0xc013f37170, 0xc013f37728, {0x0?, 0xc0295c4e38?})","cloud/control2/frontend/server/request_handler.go:84 +0x536 google3/cloud/control2/frontend/server/requesthandler.(*Handler).handleRequest(0xc012cff0e0, {0x5620f32e03a8, 0xc023b83710}, 0xc013f37170, 0xc013f37728)","cloud/control2/frontend/server/request_handler.go:53 +0x25 google3/cloud/control2/frontend/server/requesthandler.(*Handler).handle(0xc0295c4f98?, {0x5620f32e03a8, 0xc023b83710}, 0x5620f0bd1820?, 0xc013d19101?)","cloud/control2/shared/genericrpc/service.go:172 +0x3ef google3/cloud/control2/shared/genericrpc/genericrpc.(*Dispatcher).DefaultMethodHandler(0xc012dad920, {0x5620f32e03a8, 0xc023b83710}, 0xc013f37170)","net/rpc/go/stream.go:1170 +0x43 google3/net/rpc/go/rpc.runStreamHandler({0x5620f32e03a8?, 0xc023b83710?}, 0xc013f37170?, {0x0?, 0x0?}, {0x5620f32f6700, 0xc0216a87d0})","net/goa/rpc/rpchandler.go:100 +0x4d7 google3/net/goa/rpc/rpchandler.ExecHandlerSubset({0x5620f32e03a8?, 0xc01f193770?}, 0xc0296b5550)","net/goa/rpc/rpchandler.go:327 +0x9f5 google3/net/goa/rpc/rpchandler.(*closedRegistry).hook(0xc00389e700, {0x5620f32e09f8, 0xc0258532c0}, 0xc023d89800)","production/fireaxe/go/filters/rpcserverinterceptor.go:62 +0x2f0 google3/production/fireaxe/go/filters/rpcserverinterceptor.(*Interceptor).MakeHook-fm.(*Interceptor).MakeHook.func2({0x5620f32e09f8, 0xc0258532c0}, 0xc023d89800)"],"detail":"Gen1 operation for function projects/parsley-membership-platform/locations/us-central1/functions/processDocument failed: Build failed: Build error details not available.Please check the logs at https://console.cloud.google.com/cloud-build/builds;region=us-central1/a247c527-b97a-455e-93a3-6a3cfa51092b?project=943856613574. Please visit https://cloud.google.com/functions/docs/troubleshooting#build for in-depth troubleshooting documentation for build related errors.."}]}}
[debug] [2025-09-14T04:33:41.458Z] Got source token undefined for region us-central1
[error] Gen1 operation for function projects/parsley-membership-platform/locations/us-central1/functions/processDocument failed: Build failed: Build error details not available.Please check the logs at https://console.cloud.google.com/cloud-build/builds;region=us-central1/a247c527-b97a-455e-93a3-6a3cfa51092b?project=943856613574. Please visit https://cloud.google.com/functions/docs/troubleshooting#build for in-depth troubleshooting documentation for build related errors..
[debug] [2025-09-14T04:33:41.466Z] Total Function Deployment time: 26565
[debug] [2025-09-14T04:33:41.466Z] 1 Functions Deployed
[debug] [2025-09-14T04:33:41.466Z] 1 Functions Errored
[debug] [2025-09-14T04:33:41.467Z] 0 Function Deployments Aborted
[debug] [2025-09-14T04:33:41.467Z] Average Function Deployment time: 26564
[info] 
[info] Functions deploy had errors with the following functions:
	processDocument(us-central1)
[debug] [2025-09-14T04:33:41.492Z] Checked if tokens are valid: true, expires at: 1757826885014
[debug] [2025-09-14T04:33:41.493Z] Checked if tokens are valid: true, expires at: 1757826885014
[debug] [2025-09-14T04:33:41.493Z] >>> [apiv2][query] GET https://artifactregistry.googleapis.com/v1/projects/parsley-membership-platform/locations/us-central1/repositories/gcf-artifacts [none]
[debug] [2025-09-14T04:33:41.572Z] <<< [apiv2][status] GET https://artifactregistry.googleapis.com/v1/projects/parsley-membership-platform/locations/us-central1/repositories/gcf-artifacts 200
[debug] [2025-09-14T04:33:41.572Z] <<< [apiv2][body] GET https://artifactregistry.googleapis.com/v1/projects/parsley-membership-platform/locations/us-central1/repositories/gcf-artifacts {"name":"projects/parsley-membership-platform/locations/us-central1/repositories/gcf-artifacts","format":"DOCKER","description":"This repository is created and used by Cloud Functions for storing function docker images.","labels":{"goog-managed-by":"cloudfunctions"},"createTime":"2025-09-14T04:29:42.883684Z","updateTime":"2025-09-14T04:29:42.883684Z","mode":"STANDARD_REPOSITORY","vulnerabilityScanningConfig":{"lastEnableTime":"2025-09-14T04:29:33.026945664Z","enablementState":"SCANNING_DISABLED","enablementStateReason":"API containerscanning.googleapis.com is not enabled."},"satisfiesPzi":true,"registryUri":"us-central1-docker.pkg.dev/parsley-membership-platform/gcf-artifacts"}
[warn] ⚠  functions: No cleanup policy detected for repositories in us-central1. This may result in a small monthly bill as container images accumulate over time. 
[debug] [2025-09-14T04:34:33.740Z] ExitPromptError: User force closed the prompt with SIGINT
    at Interface.sigint (/home/user/parsley-membership-platform/node_modules/@inquirer/core/dist/commonjs/lib/create-prompt.js:101:37)
    at Interface.emit (node:events:524:28)
    at Interface.emit (node:domain:489:12)
    at [_ttyWrite] [as _ttyWrite] (node:internal/readline/interface:1125:18)
    at ReadStream.onkeypress (node:internal/readline/interface:264:20)
    at ReadStream.emit (node:events:536:35)
    at ReadStream.emit (node:domain:489:12)
    at emitKeys (node:internal/readline/utils:371:14)
    at emitKeys.next (<anonymous>)
    at ReadStream.onData (node:internal/readline/emitKeypressEvents:64:36)
[error] 
[error] Error: An unexpected error has occurred.
